<?xml version="1.0" encoding="UTF-8"?>
<testng-results skipped="0" failed="1" total="4" passed="3">
  <reporter-output>
  </reporter-output>
  <suite name="Suite" duration-ms="271509" started-at="2022-03-20T03:04:57Z" finished-at="2022-03-20T03:09:28Z">
    <groups>
    </groups>
    <test name="ValidateNavigationBar" duration-ms="58929" started-at="2022-03-20T03:04:57Z" finished-at="2022-03-20T03:05:56Z">
      <class name="ATTMPT2.E2EProject.ValidateNavigationBar">
        <test-method status="PASS" signature="startWith()[pri:0, instance:ATTMPT2.E2EProject.ValidateNavigationBar@78e4deb0]" name="startWith" is-config="true" duration-ms="57958" started-at="2022-03-20T06:04:57Z" finished-at="2022-03-20T06:05:55Z">
          <reporter-output>
          </reporter-output>
        </test-method> <!-- startWith -->
        <test-method status="PASS" signature="validateNavBar()[pri:0, instance:ATTMPT2.E2EProject.ValidateNavigationBar@78e4deb0]" name="validateNavBar" duration-ms="635" started-at="2022-03-20T06:05:55Z" finished-at="2022-03-20T06:05:56Z">
          <reporter-output>
          </reporter-output>
        </test-method> <!-- validateNavBar -->
        <test-method status="PASS" signature="closeBrowserVal()[pri:0, instance:ATTMPT2.E2EProject.ValidateNavigationBar@78e4deb0]" name="closeBrowserVal" is-config="true" duration-ms="290" started-at="2022-03-20T06:05:56Z" finished-at="2022-03-20T06:05:56Z">
          <reporter-output>
          </reporter-output>
        </test-method> <!-- closeBrowserVal -->
      </class> <!-- ATTMPT2.E2EProject.ValidateNavigationBar -->
    </test> <!-- ValidateNavigationBar -->
    <test name="ValidateTitle" duration-ms="40729" started-at="2022-03-20T03:05:56Z" finished-at="2022-03-20T03:06:37Z">
      <class name="ATTMPT2.E2EProject.ValidateTitle">
        <test-method status="PASS" signature="startWith()[pri:0, instance:ATTMPT2.E2EProject.ValidateTitle@548d708a]" name="startWith" is-config="true" duration-ms="35952" started-at="2022-03-20T06:05:56Z" finished-at="2022-03-20T06:06:32Z">
          <reporter-output>
          </reporter-output>
        </test-method> <!-- startWith -->
        <test-method status="FAIL" signature="validateTİtle()[pri:0, instance:ATTMPT2.E2EProject.ValidateTitle@548d708a]" name="validateTİtle" duration-ms="1405" started-at="2022-03-20T06:06:32Z" finished-at="2022-03-20T06:06:34Z">
          <exception class="java.lang.AssertionError">
            <message>
              <![CDATA[expected [FEATURED COURSES123] but found [FEATURED COURSES]]]>
            </message>
            <full-stacktrace>
              <![CDATA[java.lang.AssertionError: expected [FEATURED COURSES123] but found [FEATURED COURSES]
	at org.testng.Assert.fail(Assert.java:94)
	at org.testng.Assert.failNotEquals(Assert.java:494)
	at org.testng.Assert.assertEquals(Assert.java:123)
	at org.testng.Assert.assertEquals(Assert.java:176)
	at org.testng.Assert.assertEquals(Assert.java:186)
	at ATTMPT2.E2EProject.ValidateTitle.validateTİtle(ValidateTitle.java:37)
	at sun.reflect.NativeMethodAccessorImpl.invoke0(Native Method)
	at sun.reflect.NativeMethodAccessorImpl.invoke(NativeMethodAccessorImpl.java:62)
	at sun.reflect.DelegatingMethodAccessorImpl.invoke(DelegatingMethodAccessorImpl.java:43)
	at java.lang.reflect.Method.invoke(Method.java:498)
	at org.testng.internal.MethodInvocationHelper.invokeMethod(MethodInvocationHelper.java:80)
	at org.testng.internal.Invoker.invokeMethod(Invoker.java:714)
	at org.testng.internal.Invoker.invokeTestMethod(Invoker.java:901)
	at org.testng.internal.Invoker.invokeTestMethods(Invoker.java:1231)
	at org.testng.internal.TestMethodWorker.invokeTestMethods(TestMethodWorker.java:127)
	at org.testng.internal.TestMethodWorker.run(TestMethodWorker.java:111)
	at org.testng.TestRunner.privateRun(TestRunner.java:767)
	at org.testng.TestRunner.run(TestRunner.java:617)
	at org.testng.SuiteRunner.runTest(SuiteRunner.java:334)
	at org.testng.SuiteRunner.runSequentially(SuiteRunner.java:329)
	at org.testng.SuiteRunner.privateRun(SuiteRunner.java:291)
	at org.testng.SuiteRunner.run(SuiteRunner.java:240)
	at org.testng.SuiteRunnerWorker.runSuite(SuiteRunnerWorker.java:52)
	at org.testng.SuiteRunnerWorker.run(SuiteRunnerWorker.java:86)
	at org.testng.TestNG.runSuitesSequentially(TestNG.java:1198)
	at org.testng.TestNG.runSuitesLocally(TestNG.java:1123)
	at org.testng.TestNG.run(TestNG.java:1031)
	at org.apache.maven.surefire.testng.TestNGExecutor.run(TestNGExecutor.java:284)
	at org.apache.maven.surefire.testng.TestNGXmlTestSuite.execute(TestNGXmlTestSuite.java:75)
	at org.apache.maven.surefire.testng.TestNGProvider.invoke(TestNGProvider.java:119)
	at org.apache.maven.surefire.booter.ForkedBooter.runSuitesInProcess(ForkedBooter.java:428)
	at org.apache.maven.surefire.booter.ForkedBooter.execute(ForkedBooter.java:162)
	at org.apache.maven.surefire.booter.ForkedBooter.run(ForkedBooter.java:562)
	at org.apache.maven.surefire.booter.ForkedBooter.main(ForkedBooter.java:548)
]]>
            </full-stacktrace>
          </exception> <!-- java.lang.AssertionError -->
          <reporter-output>
          </reporter-output>
        </test-method> <!-- validateTİtle -->
        <test-method status="PASS" signature="closeBrowserVal()[pri:0, instance:ATTMPT2.E2EProject.ValidateTitle@548d708a]" name="closeBrowserVal" is-config="true" duration-ms="1494" started-at="2022-03-20T06:06:35Z" finished-at="2022-03-20T06:06:37Z">
          <reporter-output>
          </reporter-output>
        </test-method> <!-- closeBrowserVal -->
      </class> <!-- ATTMPT2.E2EProject.ValidateTitle -->
    </test> <!-- ValidateTitle -->
    <test name="HomePage" duration-ms="170924" started-at="2022-03-20T03:06:38Z" finished-at="2022-03-20T03:09:28Z">
      <class name="ATTMPT2.E2EProject.HomePage">
        <test-method status="PASS" signature="startWith()[pri:0, instance:ATTMPT2.E2EProject.HomePage@17f9d882]" name="startWith" is-config="true" duration-ms="51373" started-at="2022-03-20T06:06:38Z" finished-at="2022-03-20T06:07:29Z">
          <reporter-output>
          </reporter-output>
        </test-method> <!-- startWith -->
        <test-method status="PASS" signature="basePageNavigation(java.lang.String, java.lang.String)[pri:0, instance:ATTMPT2.E2EProject.HomePage@17f9d882]" name="basePageNavigation" duration-ms="16481" started-at="2022-03-20T06:07:29Z" data-provider="getData" finished-at="2022-03-20T06:07:45Z">
          <params>
            <param index="0">
              <value>
                <![CDATA[serhat_coskuner@hotmail.com]]>
              </value>
            </param>
            <param index="1">
              <value>
                <![CDATA[1234567]]>
              </value>
            </param>
          </params>
          <reporter-output>
          </reporter-output>
        </test-method> <!-- basePageNavigation -->
        <test-method status="PASS" signature="closeBrowserVal()[pri:0, instance:ATTMPT2.E2EProject.HomePage@17f9d882]" name="closeBrowserVal" is-config="true" duration-ms="2997" started-at="2022-03-20T06:07:45Z" finished-at="2022-03-20T06:07:48Z">
          <reporter-output>
          </reporter-output>
        </test-method> <!-- closeBrowserVal -->
        <test-method status="PASS" signature="startWith()[pri:0, instance:ATTMPT2.E2EProject.HomePage@17f9d882]" name="startWith" is-config="true" duration-ms="59312" started-at="2022-03-20T06:07:48Z" finished-at="2022-03-20T06:08:48Z">
          <reporter-output>
          </reporter-output>
        </test-method> <!-- startWith -->
        <test-method status="PASS" signature="basePageNavigation(java.lang.String, java.lang.String)[pri:0, instance:ATTMPT2.E2EProject.HomePage@17f9d882]" name="basePageNavigation" duration-ms="30443" started-at="2022-03-20T06:08:48Z" data-provider="getData" finished-at="2022-03-20T06:09:18Z">
          <params>
            <param index="0">
              <value>
                <![CDATA[selenium_dataprovider@hotmail.com]]>
              </value>
            </param>
            <param index="1">
              <value>
                <![CDATA[1234567890]]>
              </value>
            </param>
          </params>
          <reporter-output>
          </reporter-output>
        </test-method> <!-- basePageNavigation -->
        <test-method status="PASS" signature="closeBrowserVal()[pri:0, instance:ATTMPT2.E2EProject.HomePage@17f9d882]" name="closeBrowserVal" is-config="true" duration-ms="10306" started-at="2022-03-20T06:09:18Z" finished-at="2022-03-20T06:09:28Z">
          <reporter-output>
          </reporter-output>
        </test-method> <!-- closeBrowserVal -->
      </class> <!-- ATTMPT2.E2EProject.HomePage -->
    </test> <!-- HomePage -->
  </suite> <!-- Suite -->
</testng-results>
