<?xml version="1.0" encoding="UTF-8"?>
<testng-results total="4" passed="3" failed="1" skipped="0">
  <reporter-output>
  </reporter-output>
  <suite started-at="2022-03-22T07:08:56Z" name="Suite" finished-at="2022-03-22T07:10:10Z" duration-ms="73686">
    <groups>
    </groups>
    <test started-at="2022-03-22T07:08:56Z" name="ValidateTitle" finished-at="2022-03-22T07:09:54Z" duration-ms="57571">
      <class name="ATTMPT2.E2EProject.ValidateTitle">
        <test-method is-config="true" signature="startWith()[pri:0, instance:ATTMPT2.E2EProject.ValidateTitle@5ca1f591]" started-at="2022-03-22T10:08:57Z" name="startWith" finished-at="2022-03-22T10:09:50Z" duration-ms="53535" status="PASS">
          <reporter-output>
          </reporter-output>
        </test-method> <!-- startWith -->
        <test-method signature="validateTİtle()[pri:0, instance:ATTMPT2.E2EProject.ValidateTitle@5ca1f591]" started-at="2022-03-22T10:09:50Z" name="validateTİtle" finished-at="2022-03-22T10:09:52Z" duration-ms="1599" status="FAIL">
          <exception class="java.lang.AssertionError">
            <message>
              <![CDATA[expected [FEATURED COURSES123] but found [FEATURED COURSES]]]>
            </message>
            <full-stacktrace>
              <![CDATA[java.lang.AssertionError: expected [FEATURED COURSES123] but found [FEATURED COURSES]
	at org.testng.Assert.fail(Assert.java:94)
	at org.testng.Assert.failNotEquals(Assert.java:494)
	at org.testng.Assert.assertEquals(Assert.java:123)
	at org.testng.Assert.assertEquals(Assert.java:176)
	at org.testng.Assert.assertEquals(Assert.java:186)
	at ATTMPT2.E2EProject.ValidateTitle.validateTİtle(ValidateTitle.java:37)
	at java.base/jdk.internal.reflect.NativeMethodAccessorImpl.invoke0(Native Method)
	at java.base/jdk.internal.reflect.NativeMethodAccessorImpl.invoke(NativeMethodAccessorImpl.java:77)
	at java.base/jdk.internal.reflect.DelegatingMethodAccessorImpl.invoke(DelegatingMethodAccessorImpl.java:43)
	at java.base/java.lang.reflect.Method.invoke(Method.java:568)
	at org.testng.internal.MethodInvocationHelper.invokeMethod(MethodInvocationHelper.java:80)
	at org.testng.internal.Invoker.invokeMethod(Invoker.java:714)
	at org.testng.internal.Invoker.invokeTestMethod(Invoker.java:901)
	at org.testng.internal.Invoker.invokeTestMethods(Invoker.java:1231)
	at org.testng.internal.TestMethodWorker.invokeTestMethods(TestMethodWorker.java:127)
	at org.testng.internal.TestMethodWorker.run(TestMethodWorker.java:111)
	at org.testng.TestRunner.privateRun(TestRunner.java:767)
	at org.testng.TestRunner.run(TestRunner.java:617)
	at org.testng.SuiteRunner.runTest(SuiteRunner.java:334)
	at org.testng.SuiteRunner.access$000(SuiteRunner.java:37)
	at org.testng.SuiteRunner$SuiteWorker.run(SuiteRunner.java:368)
	at org.testng.internal.thread.ThreadUtil$2.call(ThreadUtil.java:64)
	at java.base/java.util.concurrent.FutureTask.run(FutureTask.java:264)
	at java.base/java.util.concurrent.ThreadPoolExecutor.runWorker(ThreadPoolExecutor.java:1136)
	at java.base/java.util.concurrent.ThreadPoolExecutor$Worker.run(ThreadPoolExecutor.java:635)
	at java.base/java.lang.Thread.run(Thread.java:833)
]]>
            </full-stacktrace>
          </exception> <!-- java.lang.AssertionError -->
          <reporter-output>
          </reporter-output>
        </test-method> <!-- validateTİtle -->
        <test-method is-config="true" signature="closeBrowserVal()[pri:0, instance:ATTMPT2.E2EProject.ValidateTitle@5ca1f591]" started-at="2022-03-22T10:09:53Z" name="closeBrowserVal" finished-at="2022-03-22T10:09:54Z" duration-ms="1262" status="PASS">
          <reporter-output>
          </reporter-output>
        </test-method> <!-- closeBrowserVal -->
      </class> <!-- ATTMPT2.E2EProject.ValidateTitle -->
    </test> <!-- ValidateTitle -->
    <test started-at="2022-03-22T07:08:56Z" name="ValidateNavigationBar" finished-at="2022-03-22T07:09:52Z" duration-ms="55600">
      <class name="ATTMPT2.E2EProject.ValidateNavigationBar">
        <test-method is-config="true" signature="startWith()[pri:0, instance:ATTMPT2.E2EProject.ValidateNavigationBar@1ddd3478]" started-at="2022-03-22T10:08:57Z" name="startWith" finished-at="2022-03-22T10:09:50Z" duration-ms="53641" status="PASS">
          <reporter-output>
          </reporter-output>
        </test-method> <!-- startWith -->
        <test-method signature="validateNavBar()[pri:0, instance:ATTMPT2.E2EProject.ValidateNavigationBar@1ddd3478]" started-at="2022-03-22T10:09:50Z" name="validateNavBar" finished-at="2022-03-22T10:09:51Z" duration-ms="1007" status="PASS">
          <reporter-output>
          </reporter-output>
        </test-method> <!-- validateNavBar -->
        <test-method is-config="true" signature="closeBrowserVal()[pri:0, instance:ATTMPT2.E2EProject.ValidateNavigationBar@1ddd3478]" started-at="2022-03-22T10:09:51Z" name="closeBrowserVal" finished-at="2022-03-22T10:09:52Z" duration-ms="939" status="PASS">
          <reporter-output>
          </reporter-output>
        </test-method> <!-- closeBrowserVal -->
      </class> <!-- ATTMPT2.E2EProject.ValidateNavigationBar -->
    </test> <!-- ValidateNavigationBar -->
    <test started-at="2022-03-22T07:08:56Z" name="HomePage" finished-at="2022-03-22T07:10:10Z" duration-ms="73686">
      <class name="ATTMPT2.E2EProject.HomePage">
        <test-method is-config="true" signature="startWith()[pri:0, instance:ATTMPT2.E2EProject.HomePage@3bcd426c]" started-at="2022-03-22T10:08:57Z" name="startWith" finished-at="2022-03-22T10:09:34Z" duration-ms="37375" status="PASS">
          <reporter-output>
          </reporter-output>
        </test-method> <!-- startWith -->
        <test-method signature="basePageNavigation(java.lang.String, java.lang.String)[pri:0, instance:ATTMPT2.E2EProject.HomePage@3bcd426c]" started-at="2022-03-22T10:09:34Z" name="basePageNavigation" data-provider="getData" finished-at="2022-03-22T10:09:40Z" duration-ms="6586" status="PASS">
          <params>
            <param index="0">
              <value>
                <![CDATA[serhat_coskuner@hotmail.com]]>
              </value>
            </param>
            <param index="1">
              <value>
                <![CDATA[1234567]]>
              </value>
            </param>
          </params>
          <reporter-output>
          </reporter-output>
        </test-method> <!-- basePageNavigation -->
        <test-method is-config="true" signature="closeBrowserVal()[pri:0, instance:ATTMPT2.E2EProject.HomePage@3bcd426c]" started-at="2022-03-22T10:09:40Z" name="closeBrowserVal" finished-at="2022-03-22T10:09:42Z" duration-ms="1892" status="PASS">
          <reporter-output>
          </reporter-output>
        </test-method> <!-- closeBrowserVal -->
        <test-method is-config="true" signature="startWith()[pri:0, instance:ATTMPT2.E2EProject.HomePage@3bcd426c]" started-at="2022-03-22T10:09:42Z" name="startWith" finished-at="2022-03-22T10:10:08Z" duration-ms="25507" status="PASS">
          <reporter-output>
          </reporter-output>
        </test-method> <!-- startWith -->
        <test-method signature="basePageNavigation(java.lang.String, java.lang.String)[pri:0, instance:ATTMPT2.E2EProject.HomePage@3bcd426c]" started-at="2022-03-22T10:10:08Z" name="basePageNavigation" data-provider="getData" finished-at="2022-03-22T10:10:10Z" duration-ms="2151" status="PASS">
          <params>
            <param index="0">
              <value>
                <![CDATA[selenium_dataprovider@hotmail.com]]>
              </value>
            </param>
            <param index="1">
              <value>
                <![CDATA[1234567890]]>
              </value>
            </param>
          </params>
          <reporter-output>
          </reporter-output>
        </test-method> <!-- basePageNavigation -->
        <test-method is-config="true" signature="closeBrowserVal()[pri:0, instance:ATTMPT2.E2EProject.HomePage@3bcd426c]" started-at="2022-03-22T10:10:10Z" name="closeBrowserVal" finished-at="2022-03-22T10:10:10Z" duration-ms="136" status="PASS">
          <reporter-output>
          </reporter-output>
        </test-method> <!-- closeBrowserVal -->
      </class> <!-- ATTMPT2.E2EProject.HomePage -->
    </test> <!-- HomePage -->
  </suite> <!-- Suite -->
</testng-results>
